<?xml version="1.0" encoding="UTF-8"?>
<!-- Generated by org.testng.reporters.JUnitReportReporter -->
<testsuite hostname="IS54" failures="0" tests="3" name="HollandCRM_Prod_Smoke.Access_ResourceRequirement_Resource_Sales" time="141.701" errors="0" timestamp="24 Jul 2019 15:17:08 GMT">
  <testcase classname="HollandCRM_Prod_Smoke.Access_ResourceRequirement_Resource_Sales" name="Validate_AccessToListofResourceRequirment" time="119.375"/>
  <testcase classname="HollandCRM_Prod_Smoke.Access_ResourceRequirement_Resource_Sales" name="Validate_NavToSelected_Requirement" time="21.914"/>
  <testcase classname="HollandCRM_Prod_Smoke.Access_ResourceRequirement_Resource_Sales" name="Access_ResourceRequirement_Resource_Sales" time="0.412"/>
</testsuite> <!-- HollandCRM_Prod_Smoke.Access_ResourceRequirement_Resource_Sales -->
