<?xml version="1.0" encoding="UTF-8"?>
<!-- Generated by org.testng.reporters.JUnitReportReporter -->
<testsuite name="HollandCRM_Prod_Smoke.Access_Resource_Resourcelist_Sales" tests="3" time="45.341" ignored="0" failures="0" timestamp="24 Jul 2019 17:14:33 GMT" skipped="0" hostname="IS54" errors="0">
  <testcase name="Access_Resource_Resourcelist_Sales" time="0.003" classname="HollandCRM_Prod_Smoke.Access_Resource_Resourcelist_Sales"/>
  <testcase name="ValidateAccessToResourceUnderSales" time="34.611" classname="HollandCRM_Prod_Smoke.Access_Resource_Resourcelist_Sales"/>
  <testcase name="Validate_NavToSelectedResource_Name_Displayed" time="10.727" classname="HollandCRM_Prod_Smoke.Access_Resource_Resourcelist_Sales"/>
</testsuite> <!-- HollandCRM_Prod_Smoke.Access_Resource_Resourcelist_Sales -->
