<?xml version="1.0" encoding="UTF-8"?>
<!-- Generated by org.testng.reporters.JUnitReportReporter -->
<testsuite hostname="IS54" failures="0" tests="3" name="HollandCRM_Prod_Smoke.Access_ResourceSkill_Resourcelist_Sales" time="74.607" errors="0" timestamp="24 Jul 2019 15:17:08 GMT">
  <testcase classname="HollandCRM_Prod_Smoke.Access_ResourceSkill_Resourcelist_Sales" name="Access_ResourceSkill_Resourcelist_Sales" time="0.000"/>
  <testcase classname="HollandCRM_Prod_Smoke.Access_ResourceSkill_Resourcelist_Sales" name="Validate_NavToSelectedResourceskill" time="17.330"/>
  <testcase classname="HollandCRM_Prod_Smoke.Access_ResourceSkill_Resourcelist_Sales" name="Access_ResourceSkill_Sales" time="57.277"/>
</testsuite> <!-- HollandCRM_Prod_Smoke.Access_ResourceSkill_Resourcelist_Sales -->
