<?xml version="1.0" encoding="UTF-8"?>
<!-- Generated by org.testng.reporters.JUnitReportReporter -->
<testsuite name="com.datadriven.frame.util.TestA" tests="2" time="0.013" ignored="0" failures="0" timestamp="06 Oct 2018 04:45:41 GMT" skipped="0" hostname="IS54" errors="0">
  <testcase name="testA" time="0.002" classname="com.datadriven.frame.util.TestA"/>
  <testcase name="testA" time="0.011" classname="com.datadriven.frame.util.TestA"/>
</testsuite> <!-- com.datadriven.frame.util.TestA -->
