<?xml version="1.0" encoding="UTF-8"?>
<!-- Generated by org.testng.reporters.JUnitReportReporter -->
<testsuite name="HollandCRM_Prod_Smoke.Access_ResourceRequirement_Resource_Sales" tests="3" time="76.037" ignored="0" failures="0" timestamp="21 Jan 2019 16:35:14 GMT" skipped="0" hostname="IS54" errors="0">
  <testcase name="Validate_AccessToListofResourceRequirment" time="56.560" classname="HollandCRM_Prod_Smoke.Access_ResourceRequirement_Resource_Sales"/>
  <testcase name="Access_ResourceRequirement_Resource_Sales" time="0.006" classname="HollandCRM_Prod_Smoke.Access_ResourceRequirement_Resource_Sales"/>
  <testcase name="Validate_NavToSelected_Requirement" time="19.471" classname="HollandCRM_Prod_Smoke.Access_ResourceRequirement_Resource_Sales"/>
</testsuite> <!-- HollandCRM_Prod_Smoke.Access_ResourceRequirement_Resource_Sales -->
