<?xml version="1.0" encoding="UTF-8"?>
<!-- Generated by org.testng.reporters.JUnitReportReporter -->
<testsuite hostname="IS54" failures="0" tests="4" name="HollandCRM_Prod_Smoke.AccountInformationUnderSales" time="86.831" errors="0" timestamp="24 Jul 2019 15:17:08 GMT">
  <testcase classname="HollandCRM_Prod_Smoke.AccountInformationUnderSales" name="Validate_AccountName_Displayed_AccountListUnderSales" time="3.105"/>
  <testcase classname="HollandCRM_Prod_Smoke.AccountInformationUnderSales" name="Validate_AccessToAccountListUnderSales" time="69.148"/>
  <testcase classname="HollandCRM_Prod_Smoke.AccountInformationUnderSales" name="Validate_AccountInformation_Displayed_AccountListUnderSales" time="14.578"/>
  <testcase classname="HollandCRM_Prod_Smoke.AccountInformationUnderSales" name="AccountInformationUnderSales" time="0.000"/>
</testsuite> <!-- HollandCRM_Prod_Smoke.AccountInformationUnderSales -->
