<?xml version="1.0" encoding="UTF-8"?>
<!-- Generated by org.testng.reporters.JUnitReportReporter -->
<testsuite hostname="IS54" failures="0" tests="4" name="HollandCRM_Prod_Smoke.Access_ResourceBooking_Resource_Sales" time="132.680" errors="0" timestamp="24 Jul 2019 15:17:08 GMT">
  <testcase classname="HollandCRM_Prod_Smoke.Access_ResourceBooking_Resource_Sales" name="Validate_NavToSelected_Booking" time="17.076"/>
  <testcase classname="HollandCRM_Prod_Smoke.Access_ResourceBooking_Resource_Sales" name="Access_ResourceBooking_Resource_Sales1" time="110.382"/>
  <testcase classname="HollandCRM_Prod_Smoke.Access_ResourceBooking_Resource_Sales" name="Access_ResourceBooking_Resource_Sales" time="0.001"/>
  <testcase classname="HollandCRM_Prod_Smoke.Access_ResourceBooking_Resource_Sales" name="Validate_AccessToListofResourceBooking" time="5.221"/>
</testsuite> <!-- HollandCRM_Prod_Smoke.Access_ResourceBooking_Resource_Sales -->
