<?xml version="1.0" encoding="UTF-8"?>
<!-- Generated by org.testng.reporters.JUnitReportReporter -->
<testsuite hostname="IS54" failures="0" tests="2" name="HollandCRM_Prod_Smoke.Access_ResourceRoles_Resourcelist_Sales" time="132.213" errors="0" timestamp="24 Jul 2019 15:17:08 GMT">
  <testcase classname="HollandCRM_Prod_Smoke.Access_ResourceRoles_Resourcelist_Sales" name="Validate_NavToSelectedProject_Name_Displayed" time="11.898"/>
  <testcase classname="HollandCRM_Prod_Smoke.Access_ResourceRoles_Resourcelist_Sales" name="Access_Resourcelist_Sales" time="120.315"/>
</testsuite> <!-- HollandCRM_Prod_Smoke.Access_ResourceRoles_Resourcelist_Sales -->
