<?xml version="1.0" encoding="UTF-8"?>
<!-- Generated by org.testng.reporters.JUnitReportReporter -->
<testsuite hostname="IS54" failures="0" tests="3" name="HollandCRM_Prod_Smoke.Validate_OppotunitiesCanbeOpened_UnderSales_Opportunities" time="71.981" errors="0" timestamp="24 Jul 2019 15:17:08 GMT">
  <testcase classname="HollandCRM_Prod_Smoke.Validate_OppotunitiesCanbeOpened_UnderSales_Opportunities" name="Validate_AccessToListofOpportunities" time="42.791"/>
  <testcase classname="HollandCRM_Prod_Smoke.Validate_OppotunitiesCanbeOpened_UnderSales_Opportunities" name="Validate_AccountName_Displayed_AccountListUnderSales4" time="0.125"/>
  <testcase classname="HollandCRM_Prod_Smoke.Validate_OppotunitiesCanbeOpened_UnderSales_Opportunities" name="Validate_OpportunitySelected_Name_Displayed" time="29.065"/>
</testsuite> <!-- HollandCRM_Prod_Smoke.Validate_OppotunitiesCanbeOpened_UnderSales_Opportunities -->
